2025-07-12 18:48:21,056 - database - INFO - Database create_tables on all - 5 records in 0.00s
2025-07-12 18:48:21,060 - database - INFO - Database create_indexes on all - 10 records in 0.00s
2025-07-12 18:48:22,040 - database - INFO - Database insert on soil_samples - 7,012 records in 0.80s
2025-07-12 18:48:28,927 - database - INFO - Database insert on countries - 9 records in 0.01s
2025-07-12 18:48:28,963 - database - DEBUG - Query: 
                SELECT 
                    id, raw_data_id, latitude, longitude, soc_percent, 
   ... - Duration: 0.032s
2025-07-12 18:48:28,964 - database - DEBUG - Query: 
                SELECT 
                    id, name, iso_code, boundary_geojson, 
                ... - Duration: 0.001s
2025-07-12 18:48:30,537 - database - INFO - Database update on soil_samples - 6,389 records in 0.01s
2025-07-12 18:48:32,669 - database - DEBUG - Query: 
                SELECT 
                    id, raw_data_id, latitude, longitude, soc_percent, 
   ... - Duration: 0.023s
2025-07-12 18:48:32,675 - database - DEBUG - Query: 
                SELECT 
                    id, name, iso_code, boundary_geojson, 
                ... - Duration: 0.003s
2025-07-12 18:48:32,675 - database - INFO - Database connection: closed - data\db\soil_analysis.db
