2025-07-12 18:45:02,631 - database - INFO - Database create_tables on all - 5 records
2025-07-12 18:45:02,631 - database - INFO - Database create_indexes on all - 10 records
2025-07-12 18:45:03,563 - database - INFO - Database insert on soil_samples - 7,012 records in 0.74s
2025-07-12 18:45:11,158 - database - INFO - Database insert on countries - 9 records in 0.01s
2025-07-12 18:45:11,187 - database - DEBUG - Query: 
                SELECT 
                    id, raw_data_id, latitude, longitude, soc_percent, 
   ... - Duration: 0.022s
2025-07-12 18:45:11,193 - database - DEBUG - Query: 
                SELECT 
                    id, name, iso_code, boundary_geojson, 
                ... - Duration: 0.002s
2025-07-12 18:45:12,060 - database - INFO - Database update on soil_samples - 6,389 records in 0.01s
2025-07-12 18:45:12,241 - database - DEBUG - Query: 
                SELECT 
                    id, raw_data_id, latitude, longitude, soc_percent, 
   ... - Duration: 0.024s
2025-07-12 18:45:12,247 - database - DEBUG - Query: 
                SELECT 
                    id, name, iso_code, boundary_geojson, 
                ... - Duration: 0.002s
2025-07-12 18:45:12,258 - database - INFO - Database connection: closed - data\db\soil_analysis.db
