2025-07-13 14:27:55,413 - database - INFO - Database create_tables on all - 5 records
2025-07-13 14:27:55,422 - database - INFO - Database create_indexes on all - 10 records
2025-07-13 14:27:55,900 - database - INFO - Database insert on soil_samples - 7,012 records in 0.31s
2025-07-13 14:27:55,937 - database - DEBUG - Query: 
                SELECT 
                    id, raw_data_id, latitude, longitude, soc_percent, 
   ... - Duration: 0.038s
2025-07-13 14:28:07,079 - database - INFO - Database insert on countries - 9 records in 0.01s
2025-07-13 14:28:07,128 - database - DEBUG - Query: 
                SELECT 
                    id, raw_data_id, latitude, longitude, soc_percent, 
   ... - Duration: 0.042s
2025-07-13 14:28:07,146 - database - DEBUG - Query: 
                SELECT 
                    id, name, iso_code, boundary_geojson, 
                ... - Duration: 0.002s
2025-07-13 14:28:09,057 - database - INFO - Database update on soil_samples - 6,389 records in 0.13s
2025-07-13 14:28:12,531 - database - DEBUG - Query: 
                SELECT 
                    id, raw_data_id, latitude, longitude, soc_percent, 
   ... - Duration: 0.048s
2025-07-13 14:28:12,535 - database - DEBUG - Query: 
                SELECT 
                    id, name, iso_code, boundary_geojson, 
                ... - Duration: 0.002s
2025-07-13 14:28:26,692 - database - INFO - Database insert on clusters - 40 records in 0.01s
2025-07-13 14:28:26,773 - database - INFO - Database update on soil_samples_cluster - 6,389 records in 0.08s
2025-07-13 14:28:26,822 - database - DEBUG - Query: 
                SELECT 
                    id, raw_data_id, latitude, longitude, soc_percent, 
   ... - Duration: 0.039s
2025-07-13 14:28:26,824 - database - DEBUG - Query: 
                SELECT 
                    id, name, iso_code, boundary_geojson, 
                ... - Duration: 0.002s
2025-07-13 14:28:28,105 - database - INFO - Database insert on analysis_results - 8 records in 0.01s
2025-07-13 14:28:28,118 - database - INFO - Database connection: closed - data\db\soil_analysis.db
