2025-07-13 20:51:05,032 - database - INFO - Database create_tables on all - 5 records in 0.00s
2025-07-13 20:51:05,033 - database - INFO - Database create_indexes on all - 10 records
2025-07-13 20:51:06,034 - database - INFO - Database insert on soil_samples - 7,012 records in 0.30s
2025-07-13 20:51:06,068 - database - DEBUG - Query: 
                SELECT 
                    id, raw_data_id, latitude, longitude, soc_percent, 
   ... - Duration: 0.030s
2025-07-13 20:51:14,732 - database - INFO - Database insert on countries - 9 records in 0.01s
2025-07-13 20:51:14,770 - database - DEBUG - Query: 
                SELECT 
                    id, raw_data_id, latitude, longitude, soc_percent, 
   ... - Duration: 0.029s
2025-07-13 20:51:14,772 - database - DEBUG - Query: 
                SELECT 
                    id, name, iso_code, boundary_geojson, 
                ... - Duration: 0.001s
2025-07-13 20:51:15,933 - database - INFO - Database update on soil_samples - 6,389 records in 0.04s
2025-07-13 20:51:18,014 - database - DEBUG - Query: 
                SELECT 
                    id, raw_data_id, latitude, longitude, soc_percent, 
   ... - Duration: 0.030s
2025-07-13 20:51:18,016 - database - DEBUG - Query: 
                SELECT 
                    id, name, iso_code, boundary_geojson, 
                ... - Duration: 0.002s
2025-07-13 20:51:28,177 - database - INFO - Database insert on clusters - 40 records in 0.01s
2025-07-13 20:51:28,241 - database - INFO - Database update on soil_samples_cluster - 6,389 records in 0.06s
2025-07-13 20:51:28,287 - database - DEBUG - Query: 
                SELECT 
                    id, raw_data_id, latitude, longitude, soc_percent, 
   ... - Duration: 0.041s
2025-07-13 20:51:28,288 - database - DEBUG - Query: 
                SELECT 
                    id, name, iso_code, boundary_geojson, 
                ... - Duration: 0.001s
2025-07-13 20:51:28,313 - database - INFO - Database insert on analysis_results - 8 records in 0.01s
2025-07-13 20:51:28,320 - database - INFO - Database connection: closed - data\db\soil_analysis.db
