2025-07-13 14:26:21,874 - database - INFO - Database create_tables on all - 5 records
2025-07-13 14:26:21,874 - database - INFO - Database create_indexes on all - 10 records
2025-07-13 14:26:22,479 - database - INFO - Database insert on soil_samples - 7,012 records in 0.45s
2025-07-13 14:26:22,499 - database - DEBUG - Query: 
                SELECT 
                    id, raw_data_id, latitude, longitude, soc_percent, 
   ... - Duration: 0.018s
2025-07-13 14:26:27,766 - database - INFO - Database insert on countries - 9 records in 0.00s
2025-07-13 14:26:27,805 - database - DEBUG - Query: 
                SELECT 
                    id, raw_data_id, latitude, longitude, soc_percent, 
   ... - Duration: 0.026s
2025-07-13 14:26:27,805 - database - DEBUG - Query: 
                SELECT 
                    id, name, iso_code, boundary_geojson, 
                ...
2025-07-13 14:26:28,920 - database - INFO - Database update on soil_samples - 6,389 records in 0.05s
2025-07-13 14:26:30,959 - database - DEBUG - Query: 
                SELECT 
                    id, raw_data_id, latitude, longitude, soc_percent, 
   ... - Duration: 0.021s
2025-07-13 14:26:30,960 - database - DEBUG - Query: 
                SELECT 
                    id, name, iso_code, boundary_geojson, 
                ...
2025-07-13 14:26:42,106 - database - INFO - Database insert on clusters - 40 records in 0.01s
2025-07-13 14:26:42,186 - database - INFO - Database update on soil_samples_cluster - 6,389 records in 0.08s
2025-07-13 14:26:42,220 - database - DEBUG - Query: 
                SELECT 
                    id, raw_data_id, latitude, longitude, soc_percent, 
   ... - Duration: 0.031s
2025-07-13 14:26:42,220 - database - DEBUG - Query: 
                SELECT 
                    id, name, iso_code, boundary_geojson, 
                ...
2025-07-13 14:26:43,367 - database - INFO - Database insert on analysis_results - 8 records in 0.01s
2025-07-13 14:26:43,375 - database - INFO - Database connection: closed - data\db\soil_analysis.db
