2025-07-13 20:55:03,176 - database - INFO - Database create_tables on all - 5 records in 0.00s
2025-07-13 20:55:03,177 - database - INFO - Database create_indexes on all - 10 records
2025-07-13 20:55:03,607 - database - INFO - Database insert on soil_samples - 7,012 records in 0.27s
2025-07-13 20:55:03,630 - database - DEBUG - Query: 
                SELECT 
                    id, raw_data_id, latitude, longitude, soc_percent, 
   ... - Duration: 0.022s
2025-07-13 20:55:12,196 - database - INFO - Database insert on countries - 9 records in 0.01s
2025-07-13 20:55:12,236 - database - DEBUG - Query: 
                SELECT 
                    id, raw_data_id, latitude, longitude, soc_percent, 
   ... - Duration: 0.036s
2025-07-13 20:55:12,242 - database - DEBUG - Query: 
                SELECT 
                    id, name, iso_code, boundary_geojson, 
                ... - Duration: 0.003s
2025-07-13 20:55:13,401 - database - INFO - Database update on soil_samples - 6,389 records in 0.04s
2025-07-13 20:55:15,466 - database - DEBUG - Query: 
                SELECT 
                    id, raw_data_id, latitude, longitude, soc_percent, 
   ... - Duration: 0.025s
2025-07-13 20:55:15,467 - database - DEBUG - Query: 
                SELECT 
                    id, name, iso_code, boundary_geojson, 
                ...
2025-07-13 20:55:25,760 - database - INFO - Database insert on clusters - 40 records in 0.01s
2025-07-13 20:55:25,846 - database - INFO - Database update on soil_samples_cluster - 6,389 records in 0.08s
2025-07-13 20:55:25,883 - database - DEBUG - Query: 
                SELECT 
                    id, raw_data_id, latitude, longitude, soc_percent, 
   ... - Duration: 0.031s
2025-07-13 20:55:25,884 - database - DEBUG - Query: 
                SELECT 
                    id, name, iso_code, boundary_geojson, 
                ...
2025-07-13 20:55:26,872 - database - INFO - Database insert on analysis_results - 8 records in 0.01s
2025-07-13 20:55:26,886 - database - INFO - Database connection: closed - data\db\soil_analysis.db
