2025-07-12 18:50:46,324 - database - INFO - Database create_tables on all - 5 records in 0.00s
2025-07-12 18:50:46,326 - database - INFO - Database create_indexes on all - 10 records
2025-07-12 18:50:47,279 - database - INFO - Database insert on soil_samples - 7,012 records in 0.78s
2025-07-12 18:50:54,150 - database - INFO - Database insert on countries - 9 records in 0.01s
2025-07-12 18:50:54,188 - database - DEBUG - Query: 
                SELECT 
                    id, raw_data_id, latitude, longitude, soc_percent, 
   ... - Duration: 0.032s
2025-07-12 18:50:54,192 - database - DEBUG - Query: 
                SELECT 
                    id, name, iso_code, boundary_geojson, 
                ... - Duration: 0.003s
2025-07-12 18:50:55,820 - database - INFO - Database update on soil_samples - 6,389 records in 0.01s
2025-07-12 18:50:58,083 - database - DEBUG - Query: 
                SELECT 
                    id, raw_data_id, latitude, longitude, soc_percent, 
   ... - Duration: 0.024s
2025-07-12 18:50:58,088 - database - DEBUG - Query: 
                SELECT 
                    id, name, iso_code, boundary_geojson, 
                ... - Duration: 0.002s
2025-07-12 18:50:58,097 - database - INFO - Database connection: closed - data\db\soil_analysis.db
