2025-07-14 00:56:28,756 - database - INFO - Database create_tables on all - 5 records
2025-07-14 00:56:28,766 - database - INFO - Database create_indexes on all - 10 records
2025-07-14 00:56:30,204 - database - INFO - Database insert on soil_samples - 7,012 records in 0.31s
2025-07-14 00:56:30,235 - database - DEBUG - Query: 
                SELECT 
                    id, raw_data_id, latitude, longitude, soc_percent, 
   ... - Duration: 0.026s
2025-07-14 00:56:36,919 - database - INFO - Database insert on countries - 9 records in 0.02s
2025-07-14 00:56:36,947 - database - DEBUG - Query: 
                SELECT 
                    id, raw_data_id, latitude, longitude, soc_percent, 
   ... - Duration: 0.020s
2025-07-14 00:56:36,956 - database - DEBUG - Query: 
                SELECT 
                    id, name, iso_code, boundary_geojson, 
                ... - Duration: 0.002s
2025-07-14 00:56:38,273 - database - INFO - Database update on soil_samples - 6,389 records in 0.04s
2025-07-14 00:56:40,662 - database - DEBUG - Query: 
                SELECT 
                    id, raw_data_id, latitude, longitude, soc_percent, 
   ... - Duration: 0.031s
2025-07-14 00:56:40,662 - database - DEBUG - Query: 
                SELECT 
                    id, name, iso_code, boundary_geojson, 
                ...
2025-07-14 00:56:55,445 - database - INFO - Database insert on clusters - 40 records in 0.01s
2025-07-14 00:56:55,551 - database - INFO - Database update on soil_samples_cluster - 6,389 records in 0.10s
2025-07-14 00:56:55,633 - database - DEBUG - Query: 
                SELECT 
                    id, raw_data_id, latitude, longitude, soc_percent, 
   ... - Duration: 0.070s
2025-07-14 00:56:55,639 - database - DEBUG - Query: 
                SELECT 
                    id, name, iso_code, boundary_geojson, 
                ... - Duration: 0.004s
2025-07-14 00:56:57,042 - database - INFO - Database insert on analysis_results - 8 records in 0.01s
2025-07-14 00:56:57,051 - database - INFO - Database connection: closed - data\db\soil_analysis.db
