2025-07-13 14:30:31,552 - database - INFO - Database create_tables on all - 5 records
2025-07-13 14:30:31,552 - database - INFO - Database create_indexes on all - 10 records
2025-07-13 14:30:31,993 - database - INFO - Database insert on soil_samples - 7,012 records in 0.29s
2025-07-13 14:30:32,021 - database - DEBUG - Query: 
                SELECT 
                    id, raw_data_id, latitude, longitude, soc_percent, 
   ... - Duration: 0.025s
2025-07-13 14:30:41,857 - database - INFO - Database insert on countries - 9 records in 0.01s
2025-07-13 14:30:41,883 - database - DEBUG - Query: 
                SELECT 
                    id, raw_data_id, latitude, longitude, soc_percent, 
   ... - Duration: 0.022s
2025-07-13 14:30:41,885 - database - DEBUG - Query: 
                SELECT 
                    id, name, iso_code, boundary_geojson, 
                ... - Duration: 0.002s
2025-07-13 14:30:43,006 - database - INFO - Database update on soil_samples - 6,389 records in 0.05s
2025-07-13 14:30:45,106 - database - DEBUG - Query: 
                SELECT 
                    id, raw_data_id, latitude, longitude, soc_percent, 
   ... - Duration: 0.029s
2025-07-13 14:30:45,106 - database - DEBUG - Query: 
                SELECT 
                    id, name, iso_code, boundary_geojson, 
                ...
2025-07-13 14:30:55,135 - database - INFO - Database insert on clusters - 40 records in 0.01s
2025-07-13 14:30:55,189 - database - INFO - Database update on soil_samples_cluster - 6,389 records in 0.05s
2025-07-13 14:30:55,246 - database - DEBUG - Query: 
                SELECT 
                    id, raw_data_id, latitude, longitude, soc_percent, 
   ... - Duration: 0.057s
2025-07-13 14:30:55,246 - database - DEBUG - Query: 
                SELECT 
                    id, name, iso_code, boundary_geojson, 
                ...
2025-07-13 14:30:56,194 - database - INFO - Database insert on analysis_results - 8 records in 0.01s
2025-07-13 14:30:56,210 - database - INFO - Database connection: closed - data\db\soil_analysis.db
