2025-07-12 18:47:54,958 - pipeline - INFO - Pipeline started - Run ID: pipeline_20250712_184754
2025-07-12 18:47:54,960 - pipeline - INFO - Start time: 2025-07-12 18:47:54
2025-07-12 18:47:54,960 - pipeline - INFO - Pipeline initialized with run ID: pipeline_20250712_184754
2025-07-12 18:47:54,961 - pipeline - INFO - Starting geospatial soil analysis pipeline
2025-07-12 18:47:54,961 - pipeline - INFO - Configuration: {'data_file': 'data/eu_wosis_points.fgb', 'db_path': 'data/db/soil_analysis.db', 'output_dir': 'output', 'sampling_method': 'random', 'sample_size': 100, 'min_samples_per_country': 10, 'country_codes': None}
2025-07-12 18:47:54,961 - pipeline - INFO - Stage 1: Database Initialization
2025-07-12 18:47:54,963 - pipeline - INFO - Stage: Database Initialization - Creating database schema
2025-07-12 18:47:54,963 - pipeline - DEBUG - Stage 'Database Initialization' started at 18:47:54
2025-07-12 18:47:54,964 - pipeline - INFO - Database tables created successfully
2025-07-12 18:47:54,965 - pipeline - INFO - Database indexes created successfully
2025-07-12 18:47:54,965 - pipeline - INFO - Stage completed: Database Initialization (0.0s) - database: data\db\soil_analysis.db
2025-07-12 18:47:54,967 - pipeline - INFO - Database initialized successfully
2025-07-12 18:47:54,967 - pipeline - INFO - Stage 2: Data Loading
2025-07-12 18:47:54,967 - pipeline - INFO - Stage: Data Loading - Loading soil samples from data/eu_wosis_points.fgb
2025-07-12 18:47:54,967 - pipeline - DEBUG - Stage 'Data Loading' started at 18:47:54
2025-07-12 18:47:54,967 - pipeline - DEBUG - Loading soil samples from: data/eu_wosis_points.fgb
2025-07-12 18:47:55,103 - pipeline - DEBUG - Set CRS to EPSG:4326
2025-07-12 18:47:55,112 - pipeline - DEBUG - Parsing SOC% values from JSON format
2025-07-12 18:47:55,124 - pipeline - DEBUG - Estimating clay fraction based on SOC%
2025-07-12 18:47:55,137 - pipeline - DEBUG - Validating data quality
2025-07-12 18:47:55,144 - pipeline - WARNING - Found missing values: {'raw_data_id': 0, 'latitude': 0, 'longitude': 0, 'soc_percent': 0, 'soc_method': 0, 'top_depth_cm': 0, 'bottom_depth_cm': 0, 'sampling_date': 0, 'lab_analysis_date': 7012, 'clay_fraction': 0}
2025-07-12 18:47:55,149 - pipeline - DEBUG - Data validation completed
2025-07-12 18:47:55,149 - pipeline - INFO - Loaded 7,012 soil samples
2025-07-12 18:47:55,150 - pipeline - INFO - Successfully parsed 7,012 SOC% values
2025-07-12 18:47:55,155 - pipeline - INFO - SOC% range: 0.000% - 66.560%
2025-07-12 18:47:55,156 - pipeline - INFO - Mean SOC%: 1.688%
2025-07-12 18:47:55,165 - pipeline - INFO - Clay fraction range: 0.150 - 0.350
2025-07-12 18:47:55,166 - pipeline - INFO - Mean clay fraction: 0.186
2025-07-12 18:47:55,986 - pipeline - INFO - Loaded 7,012 records into soil_samples in 0.82s
2025-07-12 18:47:56,003 - pipeline - INFO - Stage completed: Data Loading (1.0s) - records: 7,012, duration: 1.0s, file: eu_wosis_points.fgb
2025-07-12 18:47:56,005 - pipeline - INFO - PERFORMANCE - Data Loading: 1036.31ms - records: 7,012, duration: 1.0s, file: eu_wosis_points.fgb
2025-07-12 18:47:56,008 - pipeline - INFO - Loaded 7012 soil samples
2025-07-12 18:47:56,009 - pipeline - INFO - Stage 3: Overpass API Integration
2025-07-12 18:47:56,009 - pipeline - INFO - Starting country boundaries fetch from Overpass API
2025-07-12 18:47:56,010 - pipeline - DEBUG - Overpass query: [out:json][timeout:300];
(
relation["admin_level"="2"]["ISO3166-1"="AT"];
relation["admin_level"="2"]["ISO3166-1"="BE"];
relation["admin_level"="2"]["ISO3166-1"="BG"];
relation["admin_level"="2"]["ISO3166-1"="HR"];
relation["admin_level"="2"]["ISO3166-1"="CY"];
relation["admin_level"="2"]["ISO3166-1"="CZ"];
relation["admin_level"="2"]["ISO3166-1"="DK"];
relation["admin_level"="2"]["ISO3166-1"="EE"];
relation["admin_level"="2"]["ISO3166-1"="FI"];
relation["admin_level"="2"]["ISO3166-1"="FR"];
relation["admin_level"="2"]["ISO3166-1"="DE"];
relation["admin_level"="2"]["ISO3166-1"="GR"];
relation["admin_level"="2"]["ISO3166-1"="HU"];
relation["admin_level"="2"]["ISO3166-1"="IE"];
relation["admin_level"="2"]["ISO3166-1"="IT"];
relation["admin_level"="2"]["ISO3166-1"="LV"];
relation["admin_level"="2"]["ISO3166-1"="LT"];
relation["admin_level"="2"]["ISO3166-1"="LU"];
relation["admin_level"="2"]["ISO3166-1"="MT"];
relation["admin_level"="2"]["ISO3166-1"="NL"];
relation["admin_level"="2"]["ISO3166-1"="PL"];
relation["admin_level"="2"]["ISO3166-1"="PT"];
relation["admin_level"="2"]["ISO3166-1"="RO"];
relation["admin_level"="2"]["ISO3166-1"="SK"];
relation["admin_level"="2"]["ISO3166-1"="SI"];
relation["admin_level"="2"]["ISO3166-1"="ES"];
relation["admin_level"="2"]["ISO3166-1"="SE"];
);
out body;
>;
out skel qt;
2025-07-12 18:47:56,010 - pipeline - INFO - Making Overpass API request (attempt 1/3)
2025-07-12 18:48:00,555 - pipeline - INFO - Overpass API request successful
2025-07-12 18:48:02,105 - pipeline - INFO - Found 27 countries in Overpass response
2025-07-12 18:48:02,105 - pipeline - DEBUG - Created geometry for FR
2025-07-12 18:48:02,105 - pipeline - WARNING - Could not create geometry for SK
2025-07-12 18:48:02,105 - pipeline - DEBUG - Created geometry for AT
2025-07-12 18:48:02,105 - pipeline - WARNING - Could not create geometry for HU
2025-07-12 18:48:02,105 - pipeline - DEBUG - Created geometry for PL
2025-07-12 18:48:02,105 - pipeline - WARNING - Could not create geometry for DK
2025-07-12 18:48:02,105 - pipeline - DEBUG - Created geometry for DE
2025-07-12 18:48:02,105 - pipeline - DEBUG - Created geometry for CZ
2025-07-12 18:48:02,105 - pipeline - DEBUG - Created geometry for BE
2025-07-12 18:48:02,105 - pipeline - WARNING - Could not create geometry for SE
2025-07-12 18:48:02,105 - pipeline - WARNING - Could not create geometry for FI
2025-07-12 18:48:02,105 - pipeline - WARNING - Could not create geometry for IE
2025-07-12 18:48:02,105 - pipeline - WARNING - Could not create geometry for LV
2025-07-12 18:48:02,115 - pipeline - WARNING - Could not create geometry for LT
2025-07-12 18:48:02,116 - pipeline - WARNING - Could not create geometry for EE
2025-07-12 18:48:02,116 - pipeline - WARNING - Could not create geometry for RO
2025-07-12 18:48:02,117 - pipeline - WARNING - Could not create geometry for BG
2025-07-12 18:48:02,117 - pipeline - WARNING - Could not create geometry for GR
2025-07-12 18:48:02,117 - pipeline - WARNING - Could not create geometry for HR
2025-07-12 18:48:02,118 - pipeline - WARNING - Could not create geometry for SI
2025-07-12 18:48:02,118 - pipeline - WARNING - Could not create geometry for PT
2025-07-12 18:48:02,118 - pipeline - WARNING - Could not create geometry for CY
2025-07-12 18:48:02,118 - pipeline - WARNING - Could not create geometry for MT
2025-07-12 18:48:02,118 - pipeline - DEBUG - Created geometry for IT
2025-07-12 18:48:02,119 - pipeline - DEBUG - Created geometry for ES
2025-07-12 18:48:02,120 - pipeline - WARNING - Could not create geometry for LU
2025-07-12 18:48:02,120 - pipeline - DEBUG - Created geometry for NL
2025-07-12 18:48:02,126 - pipeline - INFO - Successfully created GeoDataFrame with 9 countries
2025-07-12 18:48:02,284 - pipeline - INFO - Saving 9 countries to database
2025-07-12 18:48:02,290 - pipeline - INFO - Loaded 9 records into countries in 0.00s
2025-07-12 18:48:02,301 - pipeline - INFO - Successfully saved 9 countries to database
2025-07-12 18:48:02,301 - pipeline - INFO - Fetched and saved 9 countries
2025-07-12 18:48:02,301 - pipeline - INFO - Stage 4: Spatial Association
2025-07-12 18:48:02,381 - pipeline - INFO - Found 12 countries with valid boundaries
2025-07-12 18:48:02,382 - pipeline - INFO - Geometry column created with 12 rows
2025-07-12 18:48:02,383 - pipeline - INFO - Geometry column data type: object
2025-07-12 18:48:02,384 - pipeline - INFO - GeoDataFrame created with 12 rows and geometry column: geometry
2025-07-12 18:48:02,384 - pipeline - INFO - Starting spatial association of soil samples with countries
2025-07-12 18:48:02,384 - pipeline - INFO - Creating point geometries for soil samples
2025-07-12 18:48:02,684 - pipeline - INFO - Created 7012 point geometries
2025-07-12 18:48:02,684 - pipeline - INFO - Performing spatial join (point-in-polygon)
2025-07-12 18:48:04,008 - pipeline - INFO - Spatial join results:
2025-07-12 18:48:04,010 - pipeline - INFO -   - Total samples: 7012
2025-07-12 18:48:04,011 - pipeline - INFO -   - Associated: 6389
2025-07-12 18:48:04,012 - pipeline - INFO -   - Unassigned: 623
2025-07-12 18:48:04,012 - pipeline - WARNING - 623 samples could not be assigned to any country
2025-07-12 18:48:04,015 - pipeline - INFO - Spatial association completed in 1.63s
2025-07-12 18:48:04,016 - pipeline - INFO - Associated 6389 soil samples with countries
2025-07-12 18:48:04,027 - pipeline - INFO - Updated country assignments for 6389 soil samples
2025-07-12 18:48:04,028 - pipeline - INFO - Updated 6389 soil samples with country assignments
2025-07-12 18:48:04,028 - pipeline - ERROR - Error calculating country sample counts: single positional indexer is out-of-bounds
2025-07-12 18:48:04,029 - pipeline - ERROR - Error validating spatial associations: single positional indexer is out-of-bounds
2025-07-12 18:48:04,029 - pipeline - ERROR - Spatial association failed: single positional indexer is out-of-bounds
2025-07-12 18:48:04,031 - pipeline - INFO - Pipeline cleanup completed
