2025-07-14 10:23:50,767 - pipeline - INFO - Pipeline started - Run ID: pipeline_20250714_102350
2025-07-14 10:23:50,767 - pipeline - INFO - Start time: 2025-07-14 10:23:50
2025-07-14 10:23:50,768 - pipeline - INFO - Stage: Database Initialization - Creating database schema
2025-07-14 10:23:50,768 - pipeline - DEBUG - Stage 'Database Initialization' started at 10:23:50
2025-07-14 10:23:50,781 - pipeline - INFO - Database tables created successfully
2025-07-14 10:23:50,781 - pipeline - INFO - Database indexes created successfully
2025-07-14 10:23:50,781 - pipeline - INFO - Stage completed: Database Initialization (0.0s) - database: data\db\soil_analysis.db
2025-07-14 10:23:50,789 - pipeline - INFO - Pipeline initialized with run ID: pipeline_20250714_102350
2025-07-14 10:23:50,789 - pipeline - INFO - Starting geospatial soil analysis pipeline
2025-07-14 10:23:50,790 - pipeline - INFO - Configuration: {'data_file': 'data/eu_wosis_points.fgb', 'db_path': 'data/db/soil_analysis.db', 'output_dir': 'output', 'sampling_method': 'clustering', 'sample_size': 100, 'min_samples_per_country': 10, 'min_clusters': 2, 'max_clusters': 10, 'min_samples_per_cluster': 5, 'country_codes': None}
2025-07-14 10:23:50,790 - pipeline - INFO - Stage 1: Database Initialization
2025-07-14 10:23:50,790 - pipeline - INFO - Stage: Database Initialization - Creating database schema
2025-07-14 10:23:50,790 - pipeline - DEBUG - Stage 'Database Initialization' started at 10:23:50
2025-07-14 10:23:50,806 - pipeline - INFO - Database tables created successfully
2025-07-14 10:23:50,813 - pipeline - INFO - Database indexes created successfully
2025-07-14 10:23:50,814 - pipeline - INFO - Stage completed: Database Initialization (0.0s) - database: data\db\soil_analysis.db
2025-07-14 10:23:50,832 - pipeline - INFO - Database already exists with data. Clearing for fresh run...
2025-07-14 10:23:50,832 - pipeline - INFO - Clearing existing database data...
2025-07-14 10:23:50,882 - pipeline - INFO - Cleared soil_samples table
2025-07-14 10:23:50,882 - pipeline - INFO - Cleared countries table
2025-07-14 10:23:50,882 - pipeline - INFO - Cleared clusters table
2025-07-14 10:23:50,882 - pipeline - INFO - Cleared analysis_results table
2025-07-14 10:23:50,882 - pipeline - INFO - Cleared pipeline_logs table
2025-07-14 10:23:50,882 - pipeline - ERROR - Error clearing database: no such table: sqlite_sequence
2025-07-14 10:23:50,882 - pipeline - INFO - Database initialized successfully
2025-07-14 10:23:50,882 - pipeline - INFO - Stage 2: Data Loading
2025-07-14 10:23:50,924 - pipeline - INFO - Stage: Data Loading - Loading soil samples from data/eu_wosis_points.fgb
2025-07-14 10:23:50,924 - pipeline - DEBUG - Stage 'Data Loading' started at 10:23:50
2025-07-14 10:23:56,305 - pipeline - DEBUG - Loading soil samples from: data/eu_wosis_points.fgb
2025-07-14 10:23:56,931 - pipeline - DEBUG - Set CRS to EPSG:4326
2025-07-14 10:23:56,933 - pipeline - DEBUG - Parsing SOC% values from JSON format
2025-07-14 10:23:56,950 - pipeline - DEBUG - Estimating clay fraction based on SOC%
2025-07-14 10:23:56,953 - pipeline - DEBUG - Validating data quality
2025-07-14 10:23:56,953 - pipeline - WARNING - Found missing values: {'raw_data_id': 0, 'latitude': 0, 'longitude': 0, 'soc_percent': 0, 'soc_method': 0, 'top_depth_cm': 0, 'bottom_depth_cm': 0, 'sampling_date': 0, 'lab_analysis_date': 7012, 'clay_fraction': 0}
2025-07-14 10:24:02,493 - pipeline - DEBUG - Data validation completed
2025-07-14 10:24:02,493 - pipeline - INFO - Loaded 7,012 soil samples
2025-07-14 10:24:02,493 - pipeline - INFO - Successfully parsed 7,012 SOC% values
2025-07-14 10:24:02,493 - pipeline - INFO - SOC% range: 0.000% - 66.560%
2025-07-14 10:24:02,493 - pipeline - INFO - Mean SOC%: 1.688%
2025-07-14 10:24:02,493 - pipeline - INFO - Clay fraction range: 0.150 - 0.350
2025-07-14 10:24:02,493 - pipeline - INFO - Mean clay fraction: 0.186
2025-07-14 10:24:02,852 - pipeline - INFO - Loaded 7,012 records into soil_samples in 0.36s
2025-07-14 10:24:02,868 - pipeline - INFO - Stage completed: Data Loading (11.9s) - records: 7,012, duration: 11.9s, file: eu_wosis_points.fgb
2025-07-14 10:24:02,868 - pipeline - INFO - PERFORMANCE - Data Loading: 11943.29ms - records: 7,012, duration: 11.9s, file: eu_wosis_points.fgb
2025-07-14 10:24:02,868 - pipeline - INFO - Loaded 7012 soil samples
2025-07-14 10:24:02,910 - pipeline - ERROR - Error checking data imbalance: index 0 is out of bounds for axis 0 with size 0
2025-07-14 10:24:02,910 - pipeline - INFO - Stage 3: Overpass API Integration
2025-07-14 10:24:02,911 - pipeline - INFO - Starting country boundaries fetch from Overpass API
2025-07-14 10:24:02,911 - pipeline - DEBUG - Overpass query: [out:json][timeout:300];
(
relation["admin_level"="2"]["ISO3166-1"="AT"];
relation["admin_level"="2"]["ISO3166-1"="BE"];
relation["admin_level"="2"]["ISO3166-1"="BG"];
relation["admin_level"="2"]["ISO3166-1"="HR"];
relation["admin_level"="2"]["ISO3166-1"="CY"];
relation["admin_level"="2"]["ISO3166-1"="CZ"];
relation["admin_level"="2"]["ISO3166-1"="DK"];
relation["admin_level"="2"]["ISO3166-1"="EE"];
relation["admin_level"="2"]["ISO3166-1"="FI"];
relation["admin_level"="2"]["ISO3166-1"="FR"];
relation["admin_level"="2"]["ISO3166-1"="DE"];
relation["admin_level"="2"]["ISO3166-1"="GR"];
relation["admin_level"="2"]["ISO3166-1"="HU"];
relation["admin_level"="2"]["ISO3166-1"="IE"];
relation["admin_level"="2"]["ISO3166-1"="IT"];
relation["admin_level"="2"]["ISO3166-1"="LV"];
relation["admin_level"="2"]["ISO3166-1"="LT"];
relation["admin_level"="2"]["ISO3166-1"="LU"];
relation["admin_level"="2"]["ISO3166-1"="MT"];
relation["admin_level"="2"]["ISO3166-1"="NL"];
relation["admin_level"="2"]["ISO3166-1"="PL"];
relation["admin_level"="2"]["ISO3166-1"="PT"];
relation["admin_level"="2"]["ISO3166-1"="RO"];
relation["admin_level"="2"]["ISO3166-1"="SK"];
relation["admin_level"="2"]["ISO3166-1"="SI"];
relation["admin_level"="2"]["ISO3166-1"="ES"];
relation["admin_level"="2"]["ISO3166-1"="SE"];
);
out body;
>;
out skel qt;
2025-07-14 10:24:02,911 - pipeline - INFO - Making Overpass API request (attempt 1/3)
2025-07-14 10:24:09,089 - pipeline - INFO - Overpass API request successful
2025-07-14 10:24:10,163 - pipeline - INFO - Found 27 countries in Overpass response
2025-07-14 10:24:10,167 - pipeline - DEBUG - Created geometry for FR
2025-07-14 10:24:10,168 - pipeline - WARNING - Could not create geometry for SK
2025-07-14 10:24:10,168 - pipeline - DEBUG - Created geometry for AT
2025-07-14 10:24:10,168 - pipeline - WARNING - Could not create geometry for HU
2025-07-14 10:24:10,169 - pipeline - DEBUG - Created geometry for PL
2025-07-14 10:24:10,169 - pipeline - WARNING - Could not create geometry for DK
2025-07-14 10:24:10,170 - pipeline - DEBUG - Created geometry for DE
2025-07-14 10:24:10,170 - pipeline - DEBUG - Created geometry for CZ
2025-07-14 10:24:10,170 - pipeline - DEBUG - Created geometry for BE
2025-07-14 10:24:10,170 - pipeline - WARNING - Could not create geometry for SE
2025-07-14 10:24:10,171 - pipeline - WARNING - Could not create geometry for FI
2025-07-14 10:24:10,171 - pipeline - WARNING - Could not create geometry for IE
2025-07-14 10:24:10,171 - pipeline - WARNING - Could not create geometry for LV
2025-07-14 10:24:10,172 - pipeline - WARNING - Could not create geometry for LT
2025-07-14 10:24:10,172 - pipeline - WARNING - Could not create geometry for EE
2025-07-14 10:24:10,173 - pipeline - WARNING - Could not create geometry for RO
2025-07-14 10:24:10,173 - pipeline - WARNING - Could not create geometry for BG
2025-07-14 10:24:10,173 - pipeline - WARNING - Could not create geometry for GR
2025-07-14 10:24:10,174 - pipeline - WARNING - Could not create geometry for HR
2025-07-14 10:24:10,174 - pipeline - WARNING - Could not create geometry for SI
2025-07-14 10:24:10,174 - pipeline - WARNING - Could not create geometry for PT
2025-07-14 10:24:10,175 - pipeline - WARNING - Could not create geometry for CY
2025-07-14 10:24:10,175 - pipeline - WARNING - Could not create geometry for MT
2025-07-14 10:24:10,176 - pipeline - DEBUG - Created geometry for IT
2025-07-14 10:24:10,176 - pipeline - DEBUG - Created geometry for ES
2025-07-14 10:24:10,176 - pipeline - WARNING - Could not create geometry for LU
2025-07-14 10:24:10,176 - pipeline - DEBUG - Created geometry for NL
2025-07-14 10:24:10,181 - pipeline - INFO - Successfully created GeoDataFrame with 9 countries
2025-07-14 10:24:10,276 - pipeline - INFO - Saving 9 countries to database
2025-07-14 10:24:10,296 - pipeline - INFO - Loaded 9 records into countries in 0.00s
2025-07-14 10:24:10,305 - pipeline - INFO - Successfully saved 9 countries to database
2025-07-14 10:24:10,306 - pipeline - INFO - Fetched and saved 9 countries
2025-07-14 10:24:10,307 - pipeline - INFO - Stage 4: Spatial Association
2025-07-14 10:24:10,389 - pipeline - INFO - Found 9 countries with valid boundaries
2025-07-14 10:24:10,391 - pipeline - INFO - Geometry column created with 9 rows
2025-07-14 10:24:10,392 - pipeline - INFO - Geometry column data type: object
2025-07-14 10:24:10,393 - pipeline - INFO - GeoDataFrame created with 9 rows and geometry column: geometry
2025-07-14 10:24:10,393 - pipeline - INFO - Starting spatial association of soil samples with countries
2025-07-14 10:24:10,395 - pipeline - INFO - Creating point geometries for soil samples
2025-07-14 10:24:10,623 - pipeline - INFO - Created 7012 point geometries
2025-07-14 10:24:10,623 - pipeline - INFO - Performing spatial join (point-in-polygon)
2025-07-14 10:24:11,461 - pipeline - INFO - Spatial join results:
2025-07-14 10:24:11,461 - pipeline - INFO -   - Total samples: 7012
2025-07-14 10:24:11,461 - pipeline - INFO -   - Associated: 6389
2025-07-14 10:24:11,463 - pipeline - INFO -   - Unassigned: 623
2025-07-14 10:24:11,463 - pipeline - WARNING - 623 samples could not be assigned to any country
2025-07-14 10:24:11,464 - pipeline - INFO - Spatial association completed in 1.07s
2025-07-14 10:24:11,465 - pipeline - INFO - Associated 6389 soil samples with countries
2025-07-14 10:24:11,487 - pipeline - INFO - Actually updated 6389 soil samples in database
2025-07-14 10:24:11,520 - pipeline - INFO - Updated country assignments for 6389 soil samples
2025-07-14 10:24:11,520 - pipeline - INFO - Updated 6389 soil samples with country assignments
2025-07-14 10:24:13,648 - pipeline - INFO - Sample counts per country: {'IT': 388, 'CZ': 22, 'PL': 166, 'DE': 220, 'FR': 136, 'NL': 341, 'BE': 4929, 'ES': 187, 'AT': 0}
2025-07-14 10:24:13,648 - pipeline - INFO - Spatial association validation:
2025-07-14 10:24:13,648 - pipeline - INFO -   - Coverage: 91.1%
2025-07-14 10:24:13,649 - pipeline - INFO -   - Countries with samples: 8
2025-07-14 10:24:13,649 - pipeline - INFO -   - Unassigned samples: 623
2025-07-14 10:24:13,649 - pipeline - INFO - Spatial association coverage: 91.1%
2025-07-14 10:24:13,650 - pipeline - INFO - Stage 5: Clustering
2025-07-14 10:24:13,673 - pipeline - INFO - Starting spatial clustering of soil samples within countries
2025-07-14 10:24:13,685 - pipeline - INFO - Found 8 countries for clustering
2025-07-14 10:24:14,893 - pipeline - INFO - Country Italia: 7 clusters created
2025-07-14 10:24:15,255 - pipeline - INFO - Country Česko: 3 clusters created
2025-07-14 10:24:16,224 - pipeline - INFO - Country Polska: 4 clusters created
2025-07-14 10:24:17,203 - pipeline - INFO - Country Deutschland: 3 clusters created
2025-07-14 10:24:18,148 - pipeline - INFO - Country France (terres): 4 clusters created
2025-07-14 10:24:19,198 - pipeline - INFO - Country Nederland: 4 clusters created
2025-07-14 10:24:22,862 - pipeline - INFO - Country België / Belgique / Belgien: 11 clusters created
2025-07-14 10:24:23,742 - pipeline - INFO - Country España: 4 clusters created
2025-07-14 10:24:23,742 - pipeline - INFO - Clustering completed in 10.07s
2025-07-14 10:24:23,742 - pipeline - INFO - Created 40 clusters across 8 countries
2025-07-14 10:24:23,771 - pipeline - INFO - Stored 40 clusters
2025-07-14 10:24:23,771 - pipeline - INFO - Stored 40 clusters in database
2025-07-14 10:24:23,855 - pipeline - INFO - Updated cluster assignments for 6389 soil samples
2025-07-14 10:24:23,855 - pipeline - INFO - Updated 6389 soil samples with cluster assignments
2025-07-14 10:24:23,855 - pipeline - INFO - Clustering validation:
2025-07-14 10:24:23,856 - pipeline - INFO -   - Countries clustered: 8
2025-07-14 10:24:23,857 - pipeline - INFO -   - Total clusters: 40
2025-07-14 10:24:23,857 - pipeline - INFO -   - Samples clustered: 6389
2025-07-14 10:24:23,857 - pipeline - INFO -   - Coverage: 91.1%
2025-07-14 10:24:23,857 - pipeline - INFO -   - Avg cluster size: 159.7
2025-07-14 10:24:23,857 - pipeline - INFO - Clustering coverage: 91.1%
2025-07-14 10:24:23,861 - pipeline - INFO - Stage 5: Statistical Analysis
2025-07-14 10:24:23,881 - pipeline - INFO - Starting statistical analysis with clustering sampling
2025-07-14 10:24:23,881 - pipeline - INFO - Target sample size: 100, Min samples: 10
2025-07-14 10:24:23,881 - pipeline - INFO - Found 8 countries with samples
2025-07-14 10:24:24,012 - pipeline - DEBUG - Clustering sampling: 100 samples selected from 10 clusters
2025-07-14 10:24:24,012 - pipeline - INFO - Country Italia: 100 samples, SOC mean: 2.020%, Clay mean: 0.206
2025-07-14 10:24:24,155 - pipeline - DEBUG - Clustering sampling: 22 samples selected from 10 clusters
2025-07-14 10:24:24,155 - pipeline - INFO - Country Česko: 22 samples, SOC mean: 2.085%, Clay mean: 0.218
2025-07-14 10:24:24,275 - pipeline - DEBUG - Clustering sampling: 100 samples selected from 10 clusters
2025-07-14 10:24:24,277 - pipeline - INFO - Country Polska: 100 samples, SOC mean: 6.636%, Clay mean: 0.199
2025-07-14 10:24:24,404 - pipeline - DEBUG - Clustering sampling: 100 samples selected from 10 clusters
2025-07-14 10:24:24,406 - pipeline - INFO - Country Deutschland: 100 samples, SOC mean: 2.638%, Clay mean: 0.216
2025-07-14 10:24:24,528 - pipeline - DEBUG - Clustering sampling: 100 samples selected from 10 clusters
2025-07-14 10:24:24,528 - pipeline - INFO - Country France (terres): 100 samples, SOC mean: 2.065%, Clay mean: 0.213
2025-07-14 10:24:24,646 - pipeline - DEBUG - Clustering sampling: 100 samples selected from 10 clusters
2025-07-14 10:24:24,648 - pipeline - INFO - Country Nederland: 100 samples, SOC mean: 0.932%, Clay mean: 0.181
2025-07-14 10:24:24,749 - pipeline - DEBUG - Clustering sampling: 100 samples selected from 5 clusters
2025-07-14 10:24:24,749 - pipeline - INFO - Country België / Belgique / Belgien: 100 samples, SOC mean: 0.521%, Clay mean: 0.172
2025-07-14 10:24:24,860 - pipeline - DEBUG - Clustering sampling: 100 samples selected from 10 clusters
2025-07-14 10:24:24,860 - pipeline - INFO - Country España: 100 samples, SOC mean: 2.083%, Clay mean: 0.181
2025-07-14 10:24:24,862 - pipeline - INFO - Statistical analysis completed in 0.98s
2025-07-14 10:24:24,862 - pipeline - INFO - Processed 8 countries
2025-07-14 10:24:24,884 - pipeline - INFO - Stored 8 analysis results
2025-07-14 10:24:24,884 - pipeline - INFO - Stored 8 analysis results
2025-07-14 10:24:24,884 - pipeline - INFO - Summary report generated:
2025-07-14 10:24:24,888 - pipeline - INFO -   - Countries analyzed: 8
2025-07-14 10:24:24,888 - pipeline - INFO -   - Total samples: 722
2025-07-14 10:24:24,888 - pipeline - INFO -   - Overall SOC mean: 2.403%
2025-07-14 10:24:24,888 - pipeline - INFO -   - Overall clay fraction mean: 0.196
2025-07-14 10:24:24,888 - pipeline - INFO - Analysis summary: 8 countries, 722 samples
2025-07-14 10:24:24,888 - pipeline - INFO - Results validation:
2025-07-14 10:24:24,890 - pipeline - INFO -   - Total results: 8
2025-07-14 10:24:24,890 - pipeline - INFO -   - Countries with zero samples: 0
2025-07-14 10:24:24,890 - pipeline - INFO -   - Countries with low samples: 0
2025-07-14 10:24:24,890 - pipeline - INFO -   - Anomalous SOC values: 0
2025-07-14 10:24:24,890 - pipeline - INFO -   - Anomalous clay values: 0
2025-07-14 10:24:24,892 - pipeline - INFO - Stage 6: Generate Reports
2025-07-14 10:24:24,893 - pipeline - INFO - Report generated: output\pipeline_report_pipeline_20250714_102350.txt
2025-07-14 10:24:24,893 - pipeline - INFO - Pipeline completed successfully in 34.10s
2025-07-14 10:24:24,894 - pipeline - INFO - Pipeline cleanup completed
