2025-07-13 20:51:05,020 - pipeline - INFO - Pipeline started - Run ID: pipeline_20250713_205105
2025-07-13 20:51:05,020 - pipeline - INFO - Start time: 2025-07-13 20:51:05
2025-07-13 20:51:05,020 - pipeline - INFO - Pipeline initialized with run ID: pipeline_20250713_205105
2025-07-13 20:51:05,020 - pipeline - INFO - Starting geospatial soil analysis pipeline
2025-07-13 20:51:05,020 - pipeline - INFO - Configuration: {'data_file': 'data/eu_wosis_points.fgb', 'db_path': 'data/db/soil_analysis.db', 'output_dir': 'output', 'sampling_method': 'random', 'sample_size': 100, 'min_samples_per_country': 10, 'min_clusters': 2, 'max_clusters': 10, 'min_samples_per_cluster': 5, 'country_codes': None}
2025-07-13 20:51:05,020 - pipeline - INFO - Stage 1: Database Initialization
2025-07-13 20:51:05,020 - pipeline - INFO - Stage: Database Initialization - Creating database schema
2025-07-13 20:51:05,020 - pipeline - DEBUG - Stage 'Database Initialization' started at 20:51:05
2025-07-13 20:51:05,032 - pipeline - INFO - Database tables created successfully
2025-07-13 20:51:05,033 - pipeline - INFO - Database indexes created successfully
2025-07-13 20:51:05,034 - pipeline - INFO - Stage completed: Database Initialization (0.0s) - database: data\db\soil_analysis.db
2025-07-13 20:51:05,034 - pipeline - INFO - Database already exists with data. Clearing for fresh run...
2025-07-13 20:51:05,035 - pipeline - INFO - Clearing existing database data...
2025-07-13 20:51:05,039 - pipeline - INFO - Cleared soil_samples table
2025-07-13 20:51:05,041 - pipeline - INFO - Cleared countries table
2025-07-13 20:51:05,042 - pipeline - INFO - Cleared clusters table
2025-07-13 20:51:05,043 - pipeline - INFO - Cleared analysis_results table
2025-07-13 20:51:05,043 - pipeline - INFO - Cleared pipeline_logs table
2025-07-13 20:51:05,044 - pipeline - ERROR - Error clearing database: no such table: sqlite_sequence
2025-07-13 20:51:05,044 - pipeline - INFO - Database initialized successfully
2025-07-13 20:51:05,044 - pipeline - INFO - Stage 2: Data Loading
2025-07-13 20:51:05,078 - pipeline - INFO - Stage: Data Loading - Loading soil samples from data/eu_wosis_points.fgb
2025-07-13 20:51:05,079 - pipeline - DEBUG - Stage 'Data Loading' started at 20:51:05
2025-07-13 20:51:05,079 - pipeline - DEBUG - Loading soil samples from: data/eu_wosis_points.fgb
2025-07-13 20:51:05,701 - pipeline - DEBUG - Set CRS to EPSG:4326
2025-07-13 20:51:05,703 - pipeline - DEBUG - Parsing SOC% values from JSON format
2025-07-13 20:51:05,722 - pipeline - DEBUG - Estimating clay fraction based on SOC%
2025-07-13 20:51:05,724 - pipeline - DEBUG - Validating data quality
2025-07-13 20:51:05,726 - pipeline - WARNING - Found missing values: {'raw_data_id': 0, 'latitude': 0, 'longitude': 0, 'soc_percent': 0, 'soc_method': 0, 'top_depth_cm': 0, 'bottom_depth_cm': 0, 'sampling_date': 0, 'lab_analysis_date': 7012, 'clay_fraction': 0}
2025-07-13 20:51:05,727 - pipeline - DEBUG - Data validation completed
2025-07-13 20:51:05,727 - pipeline - INFO - Loaded 7,012 soil samples
2025-07-13 20:51:05,728 - pipeline - INFO - Successfully parsed 7,012 SOC% values
2025-07-13 20:51:05,729 - pipeline - INFO - SOC% range: 0.000% - 66.560%
2025-07-13 20:51:05,730 - pipeline - INFO - Mean SOC%: 1.688%
2025-07-13 20:51:05,731 - pipeline - INFO - Clay fraction range: 0.150 - 0.350
2025-07-13 20:51:05,732 - pipeline - INFO - Mean clay fraction: 0.186
2025-07-13 20:51:06,036 - pipeline - INFO - Loaded 7,012 records into soil_samples in 0.30s
2025-07-13 20:51:06,037 - pipeline - INFO - Stage completed: Data Loading (1.0s) - records: 7,012, duration: 1.0s, file: eu_wosis_points.fgb
2025-07-13 20:51:06,038 - pipeline - INFO - Loaded 7012 soil samples
2025-07-13 20:51:06,073 - pipeline - ERROR - Error checking data imbalance: index 0 is out of bounds for axis 0 with size 0
2025-07-13 20:51:06,074 - pipeline - INFO - Stage 3: Overpass API Integration
2025-07-13 20:51:06,074 - pipeline - INFO - Starting country boundaries fetch from Overpass API
2025-07-13 20:51:06,074 - pipeline - DEBUG - Overpass query: [out:json][timeout:300];
(
relation["admin_level"="2"]["ISO3166-1"="AT"];
relation["admin_level"="2"]["ISO3166-1"="BE"];
relation["admin_level"="2"]["ISO3166-1"="BG"];
relation["admin_level"="2"]["ISO3166-1"="HR"];
relation["admin_level"="2"]["ISO3166-1"="CY"];
relation["admin_level"="2"]["ISO3166-1"="CZ"];
relation["admin_level"="2"]["ISO3166-1"="DK"];
relation["admin_level"="2"]["ISO3166-1"="EE"];
relation["admin_level"="2"]["ISO3166-1"="FI"];
relation["admin_level"="2"]["ISO3166-1"="FR"];
relation["admin_level"="2"]["ISO3166-1"="DE"];
relation["admin_level"="2"]["ISO3166-1"="GR"];
relation["admin_level"="2"]["ISO3166-1"="HU"];
relation["admin_level"="2"]["ISO3166-1"="IE"];
relation["admin_level"="2"]["ISO3166-1"="IT"];
relation["admin_level"="2"]["ISO3166-1"="LV"];
relation["admin_level"="2"]["ISO3166-1"="LT"];
relation["admin_level"="2"]["ISO3166-1"="LU"];
relation["admin_level"="2"]["ISO3166-1"="MT"];
relation["admin_level"="2"]["ISO3166-1"="NL"];
relation["admin_level"="2"]["ISO3166-1"="PL"];
relation["admin_level"="2"]["ISO3166-1"="PT"];
relation["admin_level"="2"]["ISO3166-1"="RO"];
relation["admin_level"="2"]["ISO3166-1"="SK"];
relation["admin_level"="2"]["ISO3166-1"="SI"];
relation["admin_level"="2"]["ISO3166-1"="ES"];
relation["admin_level"="2"]["ISO3166-1"="SE"];
);
out body;
>;
out skel qt;
2025-07-13 20:51:06,074 - pipeline - INFO - Making Overpass API request (attempt 1/3)
2025-07-13 20:51:13,542 - pipeline - INFO - Overpass API request successful
2025-07-13 20:51:14,591 - pipeline - INFO - Found 27 countries in Overpass response
2025-07-13 20:51:14,598 - pipeline - DEBUG - Created geometry for FR
2025-07-13 20:51:14,599 - pipeline - WARNING - Could not create geometry for SK
2025-07-13 20:51:14,599 - pipeline - DEBUG - Created geometry for AT
2025-07-13 20:51:14,599 - pipeline - WARNING - Could not create geometry for HU
2025-07-13 20:51:14,600 - pipeline - DEBUG - Created geometry for PL
2025-07-13 20:51:14,600 - pipeline - WARNING - Could not create geometry for DK
2025-07-13 20:51:14,600 - pipeline - DEBUG - Created geometry for DE
2025-07-13 20:51:14,601 - pipeline - DEBUG - Created geometry for CZ
2025-07-13 20:51:14,601 - pipeline - DEBUG - Created geometry for BE
2025-07-13 20:51:14,601 - pipeline - WARNING - Could not create geometry for SE
2025-07-13 20:51:14,601 - pipeline - WARNING - Could not create geometry for FI
2025-07-13 20:51:14,602 - pipeline - WARNING - Could not create geometry for IE
2025-07-13 20:51:14,602 - pipeline - WARNING - Could not create geometry for LV
2025-07-13 20:51:14,603 - pipeline - WARNING - Could not create geometry for LT
2025-07-13 20:51:14,604 - pipeline - WARNING - Could not create geometry for EE
2025-07-13 20:51:14,604 - pipeline - WARNING - Could not create geometry for RO
2025-07-13 20:51:14,605 - pipeline - WARNING - Could not create geometry for BG
2025-07-13 20:51:14,606 - pipeline - WARNING - Could not create geometry for GR
2025-07-13 20:51:14,606 - pipeline - WARNING - Could not create geometry for HR
2025-07-13 20:51:14,607 - pipeline - WARNING - Could not create geometry for SI
2025-07-13 20:51:14,608 - pipeline - WARNING - Could not create geometry for PT
2025-07-13 20:51:14,609 - pipeline - WARNING - Could not create geometry for CY
2025-07-13 20:51:14,609 - pipeline - WARNING - Could not create geometry for MT
2025-07-13 20:51:14,610 - pipeline - DEBUG - Created geometry for IT
2025-07-13 20:51:14,610 - pipeline - DEBUG - Created geometry for ES
2025-07-13 20:51:14,610 - pipeline - WARNING - Could not create geometry for LU
2025-07-13 20:51:14,611 - pipeline - DEBUG - Created geometry for NL
2025-07-13 20:51:14,619 - pipeline - INFO - Successfully created GeoDataFrame with 9 countries
2025-07-13 20:51:14,718 - pipeline - INFO - Saving 9 countries to database
2025-07-13 20:51:14,736 - pipeline - INFO - Loaded 9 records into countries in 0.01s
2025-07-13 20:51:14,738 - pipeline - INFO - Successfully saved 9 countries to database
2025-07-13 20:51:14,738 - pipeline - INFO - Fetched and saved 9 countries
2025-07-13 20:51:14,740 - pipeline - INFO - Stage 4: Spatial Association
2025-07-13 20:51:14,823 - pipeline - INFO - Found 9 countries with valid boundaries
2025-07-13 20:51:14,824 - pipeline - INFO - Geometry column created with 9 rows
2025-07-13 20:51:14,825 - pipeline - INFO - Geometry column data type: object
2025-07-13 20:51:14,825 - pipeline - INFO - GeoDataFrame created with 9 rows and geometry column: geometry
2025-07-13 20:51:14,826 - pipeline - INFO - Starting spatial association of soil samples with countries
2025-07-13 20:51:14,827 - pipeline - INFO - Creating point geometries for soil samples
2025-07-13 20:51:15,091 - pipeline - INFO - Created 7012 point geometries
2025-07-13 20:51:15,092 - pipeline - INFO - Performing spatial join (point-in-polygon)
2025-07-13 20:51:15,883 - pipeline - INFO - Spatial join results:
2025-07-13 20:51:15,884 - pipeline - INFO -   - Total samples: 7012
2025-07-13 20:51:15,884 - pipeline - INFO -   - Associated: 6389
2025-07-13 20:51:15,886 - pipeline - INFO -   - Unassigned: 623
2025-07-13 20:51:15,886 - pipeline - WARNING - 623 samples could not be assigned to any country
2025-07-13 20:51:15,887 - pipeline - INFO - Spatial association completed in 1.06s
2025-07-13 20:51:15,888 - pipeline - INFO - Associated 6389 soil samples with countries
2025-07-13 20:51:15,909 - pipeline - INFO - Actually updated 6389 soil samples in database
2025-07-13 20:51:15,935 - pipeline - INFO - Updated country assignments for 6389 soil samples
2025-07-13 20:51:15,935 - pipeline - INFO - Updated 6389 soil samples with country assignments
2025-07-13 20:51:17,981 - pipeline - INFO - Sample counts per country: {'IT': 388, 'CZ': 22, 'PL': 166, 'DE': 220, 'FR': 136, 'NL': 341, 'BE': 4929, 'ES': 187, 'AT': 0}
2025-07-13 20:51:17,981 - pipeline - INFO - Spatial association validation:
2025-07-13 20:51:17,982 - pipeline - INFO -   - Coverage: 91.1%
2025-07-13 20:51:17,983 - pipeline - INFO -   - Countries with samples: 8
2025-07-13 20:51:17,983 - pipeline - INFO -   - Unassigned samples: 623
2025-07-13 20:51:17,983 - pipeline - INFO - Spatial association coverage: 91.1%
2025-07-13 20:51:17,984 - pipeline - INFO - Stage 5: Clustering
2025-07-13 20:51:18,017 - pipeline - INFO - Starting spatial clustering of soil samples within countries
2025-07-13 20:51:18,027 - pipeline - INFO - Found 8 countries for clustering
2025-07-13 20:51:19,308 - pipeline - INFO - Country Italia: 7 clusters created
2025-07-13 20:51:19,702 - pipeline - INFO - Country Česko: 3 clusters created
2025-07-13 20:51:20,720 - pipeline - INFO - Country Polska: 4 clusters created
2025-07-13 20:51:21,721 - pipeline - INFO - Country Deutschland: 3 clusters created
2025-07-13 20:51:22,661 - pipeline - INFO - Country France (terres): 4 clusters created
2025-07-13 20:51:23,674 - pipeline - INFO - Country Nederland: 4 clusters created
2025-07-13 20:51:27,222 - pipeline - INFO - Country België / Belgique / Belgien: 11 clusters created
2025-07-13 20:51:28,168 - pipeline - INFO - Country España: 4 clusters created
2025-07-13 20:51:28,168 - pipeline - INFO - Clustering completed in 10.15s
2025-07-13 20:51:28,168 - pipeline - INFO - Created 40 clusters across 8 countries
2025-07-13 20:51:28,178 - pipeline - INFO - Stored 40 clusters
2025-07-13 20:51:28,178 - pipeline - INFO - Stored 40 clusters in database
2025-07-13 20:51:28,243 - pipeline - INFO - Updated cluster assignments for 6389 soil samples
2025-07-13 20:51:28,243 - pipeline - INFO - Updated 6389 soil samples with cluster assignments
2025-07-13 20:51:28,244 - pipeline - INFO - Clustering validation:
2025-07-13 20:51:28,244 - pipeline - INFO -   - Countries clustered: 8
2025-07-13 20:51:28,244 - pipeline - INFO -   - Total clusters: 40
2025-07-13 20:51:28,244 - pipeline - INFO -   - Samples clustered: 6389
2025-07-13 20:51:28,245 - pipeline - INFO -   - Coverage: 91.1%
2025-07-13 20:51:28,245 - pipeline - INFO -   - Avg cluster size: 159.7
2025-07-13 20:51:28,245 - pipeline - INFO - Clustering coverage: 91.1%
2025-07-13 20:51:28,247 - pipeline - INFO - Stage 5: Statistical Analysis
2025-07-13 20:51:28,288 - pipeline - INFO - Starting statistical analysis with random sampling
2025-07-13 20:51:28,288 - pipeline - INFO - Target sample size: 100, Min samples: 10
2025-07-13 20:51:28,291 - pipeline - INFO - Found 8 countries with samples
2025-07-13 20:51:28,292 - pipeline - DEBUG - Random sampling: 100 samples selected
2025-07-13 20:51:28,295 - pipeline - INFO - Country Italia: 100 samples, SOC mean: 2.347%, Clay mean: 0.206
2025-07-13 20:51:28,296 - pipeline - DEBUG - Random sampling: 22 samples selected
2025-07-13 20:51:28,297 - pipeline - INFO - Country Česko: 22 samples, SOC mean: 2.085%, Clay mean: 0.218
2025-07-13 20:51:28,298 - pipeline - DEBUG - Random sampling: 100 samples selected
2025-07-13 20:51:28,298 - pipeline - INFO - Country Polska: 100 samples, SOC mean: 8.217%, Clay mean: 0.210
2025-07-13 20:51:28,299 - pipeline - DEBUG - Random sampling: 100 samples selected
2025-07-13 20:51:28,300 - pipeline - INFO - Country Deutschland: 100 samples, SOC mean: 3.257%, Clay mean: 0.215
2025-07-13 20:51:28,300 - pipeline - DEBUG - Random sampling: 100 samples selected
2025-07-13 20:51:28,301 - pipeline - INFO - Country France (terres): 100 samples, SOC mean: 2.486%, Clay mean: 0.216
2025-07-13 20:51:28,302 - pipeline - DEBUG - Random sampling: 100 samples selected
2025-07-13 20:51:28,302 - pipeline - INFO - Country Nederland: 100 samples, SOC mean: 0.830%, Clay mean: 0.174
2025-07-13 20:51:28,303 - pipeline - DEBUG - Random sampling: 100 samples selected
2025-07-13 20:51:28,304 - pipeline - INFO - Country België / Belgique / Belgien: 100 samples, SOC mean: 0.634%, Clay mean: 0.176
2025-07-13 20:51:28,304 - pipeline - DEBUG - Random sampling: 100 samples selected
2025-07-13 20:51:28,305 - pipeline - INFO - Country España: 100 samples, SOC mean: 1.093%, Clay mean: 0.176
2025-07-13 20:51:28,305 - pipeline - INFO - Statistical analysis completed in 0.02s
2025-07-13 20:51:28,305 - pipeline - INFO - Processed 8 countries
2025-07-13 20:51:28,315 - pipeline - INFO - Stored 8 analysis results
2025-07-13 20:51:28,315 - pipeline - INFO - Stored 8 analysis results
2025-07-13 20:51:28,316 - pipeline - INFO - Summary report generated:
2025-07-13 20:51:28,316 - pipeline - INFO -   - Countries analyzed: 8
2025-07-13 20:51:28,316 - pipeline - INFO -   - Total samples: 722
2025-07-13 20:51:28,316 - pipeline - INFO -   - Overall SOC mean: 2.676%
2025-07-13 20:51:28,316 - pipeline - INFO -   - Overall clay fraction mean: 0.197
2025-07-13 20:51:28,316 - pipeline - INFO - Analysis summary: 8 countries, 722 samples
2025-07-13 20:51:28,316 - pipeline - INFO - Results validation:
2025-07-13 20:51:28,317 - pipeline - INFO -   - Total results: 8
2025-07-13 20:51:28,317 - pipeline - INFO -   - Countries with zero samples: 0
2025-07-13 20:51:28,317 - pipeline - INFO -   - Countries with low samples: 0
2025-07-13 20:51:28,317 - pipeline - INFO -   - Anomalous SOC values: 0
2025-07-13 20:51:28,318 - pipeline - INFO -   - Anomalous clay values: 0
2025-07-13 20:51:28,318 - pipeline - INFO - Stage 6: Generate Reports
2025-07-13 20:51:28,319 - pipeline - INFO - Report generated: output\pipeline_report_pipeline_20250713_205105.txt
2025-07-13 20:51:28,319 - pipeline - INFO - Pipeline completed successfully in 23.30s
2025-07-13 20:51:28,320 - pipeline - INFO - Pipeline cleanup completed
