2025-07-12 18:43:39,321 - pipeline - INFO - Pipeline started - Run ID: pipeline_20250712_184339
2025-07-12 18:43:39,321 - pipeline - INFO - Start time: 2025-07-12 18:43:39
2025-07-12 18:43:39,321 - pipeline - INFO - Pipeline initialized with run ID: pipeline_20250712_184339
2025-07-12 18:43:39,321 - pipeline - INFO - Starting geospatial soil analysis pipeline
2025-07-12 18:43:39,321 - pipeline - INFO - Configuration: {'data_file': 'data/eu_wosis_points.fgb', 'db_path': 'data/db/soil_analysis.db', 'output_dir': 'output', 'sampling_method': 'random', 'sample_size': 100, 'min_samples_per_country': 10, 'country_codes': None}
2025-07-12 18:43:39,321 - pipeline - INFO - Stage 1: Database Initialization
2025-07-12 18:43:39,321 - pipeline - INFO - Stage: Database Initialization - Creating database schema
2025-07-12 18:43:39,321 - pipeline - DEBUG - Stage 'Database Initialization' started at 18:43:39
2025-07-12 18:43:39,337 - pipeline - INFO - Database tables created successfully
2025-07-12 18:43:39,337 - pipeline - INFO - Database indexes created successfully
2025-07-12 18:43:39,337 - pipeline - INFO - Stage completed: Database Initialization (0.0s) - database: data\db\soil_analysis.db
2025-07-12 18:43:39,337 - pipeline - INFO - Database initialized successfully
2025-07-12 18:43:39,337 - pipeline - INFO - Stage 2: Data Loading
2025-07-12 18:43:39,337 - pipeline - INFO - Stage: Data Loading - Loading soil samples from data/eu_wosis_points.fgb
2025-07-12 18:43:39,337 - pipeline - DEBUG - Stage 'Data Loading' started at 18:43:39
2025-07-12 18:43:39,337 - pipeline - DEBUG - Loading soil samples from: data/eu_wosis_points.fgb
2025-07-12 18:43:39,473 - pipeline - DEBUG - Set CRS to EPSG:4326
2025-07-12 18:43:39,475 - pipeline - DEBUG - Parsing SOC% values from JSON format
2025-07-12 18:43:39,492 - pipeline - DEBUG - Estimating clay fraction based on SOC%
2025-07-12 18:43:39,498 - pipeline - DEBUG - Validating data quality
2025-07-12 18:43:39,498 - pipeline - WARNING - Found missing values: {'raw_data_id': 0, 'latitude': 0, 'longitude': 0, 'soc_percent': 0, 'soc_method': 0, 'top_depth_cm': 0, 'bottom_depth_cm': 0, 'sampling_date': 0, 'lab_analysis_date': 7012, 'clay_fraction': 0}
2025-07-12 18:43:39,498 - pipeline - DEBUG - Data validation completed
2025-07-12 18:43:39,498 - pipeline - INFO - Loaded 7,012 soil samples
2025-07-12 18:43:39,498 - pipeline - INFO - Successfully parsed 7,012 SOC% values
2025-07-12 18:43:39,498 - pipeline - INFO - SOC% range: 0.000% - 66.560%
2025-07-12 18:43:39,498 - pipeline - INFO - Mean SOC%: 1.688%
2025-07-12 18:43:39,498 - pipeline - INFO - Clay fraction range: 0.150 - 0.350
2025-07-12 18:43:39,498 - pipeline - INFO - Mean clay fraction: 0.186
2025-07-12 18:43:40,252 - pipeline - INFO - Loaded 7,012 records into soil_samples in 0.74s
2025-07-12 18:43:40,252 - pipeline - INFO - Stage completed: Data Loading (0.9s) - records: 7,012, duration: 0.9s, file: eu_wosis_points.fgb
2025-07-12 18:43:40,252 - pipeline - INFO - Loaded 7012 soil samples
2025-07-12 18:43:40,252 - pipeline - INFO - Stage 3: Overpass API Integration
2025-07-12 18:43:40,256 - pipeline - INFO - Starting country boundaries fetch from Overpass API
2025-07-12 18:43:40,256 - pipeline - DEBUG - Overpass query: [out:json][timeout:300];
(
relation["admin_level"="2"]["ISO3166-1"="AT"];
relation["admin_level"="2"]["ISO3166-1"="BE"];
relation["admin_level"="2"]["ISO3166-1"="BG"];
relation["admin_level"="2"]["ISO3166-1"="HR"];
relation["admin_level"="2"]["ISO3166-1"="CY"];
relation["admin_level"="2"]["ISO3166-1"="CZ"];
relation["admin_level"="2"]["ISO3166-1"="DK"];
relation["admin_level"="2"]["ISO3166-1"="EE"];
relation["admin_level"="2"]["ISO3166-1"="FI"];
relation["admin_level"="2"]["ISO3166-1"="FR"];
relation["admin_level"="2"]["ISO3166-1"="DE"];
relation["admin_level"="2"]["ISO3166-1"="GR"];
relation["admin_level"="2"]["ISO3166-1"="HU"];
relation["admin_level"="2"]["ISO3166-1"="IE"];
relation["admin_level"="2"]["ISO3166-1"="IT"];
relation["admin_level"="2"]["ISO3166-1"="LV"];
relation["admin_level"="2"]["ISO3166-1"="LT"];
relation["admin_level"="2"]["ISO3166-1"="LU"];
relation["admin_level"="2"]["ISO3166-1"="MT"];
relation["admin_level"="2"]["ISO3166-1"="NL"];
relation["admin_level"="2"]["ISO3166-1"="PL"];
relation["admin_level"="2"]["ISO3166-1"="PT"];
relation["admin_level"="2"]["ISO3166-1"="RO"];
relation["admin_level"="2"]["ISO3166-1"="SK"];
relation["admin_level"="2"]["ISO3166-1"="SI"];
relation["admin_level"="2"]["ISO3166-1"="ES"];
relation["admin_level"="2"]["ISO3166-1"="SE"];
);
out body;
>;
out skel qt;
2025-07-12 18:43:40,256 - pipeline - INFO - Making Overpass API request (attempt 1/3)
2025-07-12 18:43:44,963 - pipeline - INFO - Overpass API request successful
2025-07-12 18:43:46,402 - pipeline - INFO - Found 27 countries in Overpass response
2025-07-12 18:43:46,402 - pipeline - DEBUG - Created geometry for FR
2025-07-12 18:43:46,402 - pipeline - WARNING - Could not create geometry for SK
2025-07-12 18:43:46,402 - pipeline - DEBUG - Created geometry for AT
2025-07-12 18:43:46,404 - pipeline - WARNING - Could not create geometry for HU
2025-07-12 18:43:46,404 - pipeline - DEBUG - Created geometry for PL
2025-07-12 18:43:46,404 - pipeline - WARNING - Could not create geometry for DK
2025-07-12 18:43:46,404 - pipeline - DEBUG - Created geometry for DE
2025-07-12 18:43:46,404 - pipeline - DEBUG - Created geometry for CZ
2025-07-12 18:43:46,404 - pipeline - DEBUG - Created geometry for BE
2025-07-12 18:43:46,404 - pipeline - WARNING - Could not create geometry for SE
2025-07-12 18:43:46,406 - pipeline - WARNING - Could not create geometry for FI
2025-07-12 18:43:46,406 - pipeline - WARNING - Could not create geometry for IE
2025-07-12 18:43:46,406 - pipeline - WARNING - Could not create geometry for LV
2025-07-12 18:43:46,406 - pipeline - WARNING - Could not create geometry for LT
2025-07-12 18:43:46,406 - pipeline - WARNING - Could not create geometry for EE
2025-07-12 18:43:46,408 - pipeline - WARNING - Could not create geometry for RO
2025-07-12 18:43:46,408 - pipeline - WARNING - Could not create geometry for BG
2025-07-12 18:43:46,410 - pipeline - WARNING - Could not create geometry for GR
2025-07-12 18:43:46,410 - pipeline - WARNING - Could not create geometry for HR
2025-07-12 18:43:46,410 - pipeline - WARNING - Could not create geometry for SI
2025-07-12 18:43:46,413 - pipeline - WARNING - Could not create geometry for PT
2025-07-12 18:43:46,414 - pipeline - WARNING - Could not create geometry for CY
2025-07-12 18:43:46,414 - pipeline - WARNING - Could not create geometry for MT
2025-07-12 18:43:46,415 - pipeline - DEBUG - Created geometry for IT
2025-07-12 18:43:46,415 - pipeline - DEBUG - Created geometry for ES
2025-07-12 18:43:46,415 - pipeline - WARNING - Could not create geometry for LU
2025-07-12 18:43:46,415 - pipeline - DEBUG - Created geometry for NL
2025-07-12 18:43:46,418 - pipeline - INFO - Successfully created GeoDataFrame with 9 countries
2025-07-12 18:43:46,586 - pipeline - INFO - Saving 9 countries to database
2025-07-12 18:43:46,609 - pipeline - INFO - Loaded 9 records into countries in 0.01s
2025-07-12 18:43:46,610 - pipeline - INFO - Successfully saved 9 countries to database
2025-07-12 18:43:46,611 - pipeline - INFO - Fetched and saved 9 countries
2025-07-12 18:43:46,614 - pipeline - INFO - Stage 4: Spatial Association
2025-07-12 18:43:46,720 - pipeline - INFO - Found 12 countries with valid boundaries
2025-07-12 18:43:46,724 - pipeline - ERROR - Spatial association failed: ParseException: Unknown type: '"POLYGON'
2025-07-12 18:43:46,735 - pipeline - INFO - Pipeline cleanup completed
