2025-07-12 18:51:49,583 - pipeline - INFO - Pipeline started - Run ID: pipeline_20250712_185149
2025-07-12 18:51:49,583 - pipeline - INFO - Start time: 2025-07-12 18:51:49
2025-07-12 18:51:49,584 - pipeline - INFO - Pipeline initialized with run ID: pipeline_20250712_185149
2025-07-12 18:51:49,585 - pipeline - INFO - Starting geospatial soil analysis pipeline
2025-07-12 18:51:49,585 - pipeline - INFO - Configuration: {'data_file': 'data/eu_wosis_points.fgb', 'db_path': 'data/db/soil_analysis.db', 'output_dir': 'output', 'sampling_method': 'random', 'sample_size': 100, 'min_samples_per_country': 10, 'country_codes': None}
2025-07-12 18:51:49,585 - pipeline - INFO - Stage 1: Database Initialization
2025-07-12 18:51:49,587 - pipeline - INFO - Stage: Database Initialization - Creating database schema
2025-07-12 18:51:49,587 - pipeline - DEBUG - Stage 'Database Initialization' started at 18:51:49
2025-07-12 18:51:49,592 - pipeline - INFO - Database tables created successfully
2025-07-12 18:51:49,594 - pipeline - INFO - Database indexes created successfully
2025-07-12 18:51:49,594 - pipeline - INFO - Stage completed: Database Initialization (0.0s) - database: data\db\soil_analysis.db
2025-07-12 18:51:49,594 - pipeline - INFO - Database initialized successfully
2025-07-12 18:51:49,594 - pipeline - INFO - Stage 2: Data Loading
2025-07-12 18:51:49,595 - pipeline - INFO - Stage: Data Loading - Loading soil samples from data/eu_wosis_points.fgb
2025-07-12 18:51:49,595 - pipeline - DEBUG - Stage 'Data Loading' started at 18:51:49
2025-07-12 18:51:49,595 - pipeline - DEBUG - Loading soil samples from: data/eu_wosis_points.fgb
2025-07-12 18:51:49,736 - pipeline - DEBUG - Set CRS to EPSG:4326
2025-07-12 18:51:49,736 - pipeline - DEBUG - Parsing SOC% values from JSON format
2025-07-12 18:51:49,765 - pipeline - DEBUG - Estimating clay fraction based on SOC%
2025-07-12 18:51:49,768 - pipeline - DEBUG - Validating data quality
2025-07-12 18:51:49,769 - pipeline - WARNING - Found missing values: {'raw_data_id': 0, 'latitude': 0, 'longitude': 0, 'soc_percent': 0, 'soc_method': 0, 'top_depth_cm': 0, 'bottom_depth_cm': 0, 'sampling_date': 0, 'lab_analysis_date': 7012, 'clay_fraction': 0}
2025-07-12 18:51:49,769 - pipeline - DEBUG - Data validation completed
2025-07-12 18:51:49,770 - pipeline - INFO - Loaded 7,012 soil samples
2025-07-12 18:51:49,770 - pipeline - INFO - Successfully parsed 7,012 SOC% values
2025-07-12 18:51:49,771 - pipeline - INFO - SOC% range: 0.000% - 66.560%
2025-07-12 18:51:49,771 - pipeline - INFO - Mean SOC%: 1.688%
2025-07-12 18:51:49,771 - pipeline - INFO - Clay fraction range: 0.150 - 0.350
2025-07-12 18:51:49,771 - pipeline - INFO - Mean clay fraction: 0.186
2025-07-12 18:51:50,543 - pipeline - INFO - Loaded 7,012 records into soil_samples in 0.77s
2025-07-12 18:51:50,543 - pipeline - INFO - Stage completed: Data Loading (0.9s) - records: 7,012, duration: 0.9s, file: eu_wosis_points.fgb
2025-07-12 18:51:50,544 - pipeline - INFO - Loaded 7012 soil samples
2025-07-12 18:51:50,544 - pipeline - INFO - Stage 3: Overpass API Integration
2025-07-12 18:51:50,545 - pipeline - INFO - Starting country boundaries fetch from Overpass API
2025-07-12 18:51:50,545 - pipeline - DEBUG - Overpass query: [out:json][timeout:300];
(
relation["admin_level"="2"]["ISO3166-1"="AT"];
relation["admin_level"="2"]["ISO3166-1"="BE"];
relation["admin_level"="2"]["ISO3166-1"="BG"];
relation["admin_level"="2"]["ISO3166-1"="HR"];
relation["admin_level"="2"]["ISO3166-1"="CY"];
relation["admin_level"="2"]["ISO3166-1"="CZ"];
relation["admin_level"="2"]["ISO3166-1"="DK"];
relation["admin_level"="2"]["ISO3166-1"="EE"];
relation["admin_level"="2"]["ISO3166-1"="FI"];
relation["admin_level"="2"]["ISO3166-1"="FR"];
relation["admin_level"="2"]["ISO3166-1"="DE"];
relation["admin_level"="2"]["ISO3166-1"="GR"];
relation["admin_level"="2"]["ISO3166-1"="HU"];
relation["admin_level"="2"]["ISO3166-1"="IE"];
relation["admin_level"="2"]["ISO3166-1"="IT"];
relation["admin_level"="2"]["ISO3166-1"="LV"];
relation["admin_level"="2"]["ISO3166-1"="LT"];
relation["admin_level"="2"]["ISO3166-1"="LU"];
relation["admin_level"="2"]["ISO3166-1"="MT"];
relation["admin_level"="2"]["ISO3166-1"="NL"];
relation["admin_level"="2"]["ISO3166-1"="PL"];
relation["admin_level"="2"]["ISO3166-1"="PT"];
relation["admin_level"="2"]["ISO3166-1"="RO"];
relation["admin_level"="2"]["ISO3166-1"="SK"];
relation["admin_level"="2"]["ISO3166-1"="SI"];
relation["admin_level"="2"]["ISO3166-1"="ES"];
relation["admin_level"="2"]["ISO3166-1"="SE"];
);
out body;
>;
out skel qt;
2025-07-12 18:51:50,545 - pipeline - INFO - Making Overpass API request (attempt 1/3)
2025-07-12 18:51:55,481 - pipeline - INFO - Overpass API request successful
2025-07-12 18:51:56,734 - pipeline - INFO - Found 27 countries in Overpass response
2025-07-12 18:51:56,734 - pipeline - DEBUG - Created geometry for FR
2025-07-12 18:51:56,734 - pipeline - WARNING - Could not create geometry for SK
2025-07-12 18:51:56,734 - pipeline - DEBUG - Created geometry for AT
2025-07-12 18:51:56,734 - pipeline - WARNING - Could not create geometry for HU
2025-07-12 18:51:56,734 - pipeline - DEBUG - Created geometry for PL
2025-07-12 18:51:56,734 - pipeline - WARNING - Could not create geometry for DK
2025-07-12 18:51:56,734 - pipeline - DEBUG - Created geometry for DE
2025-07-12 18:51:56,734 - pipeline - DEBUG - Created geometry for CZ
2025-07-12 18:51:56,734 - pipeline - DEBUG - Created geometry for BE
2025-07-12 18:51:56,734 - pipeline - WARNING - Could not create geometry for SE
2025-07-12 18:51:56,734 - pipeline - WARNING - Could not create geometry for FI
2025-07-12 18:51:56,734 - pipeline - WARNING - Could not create geometry for IE
2025-07-12 18:51:56,734 - pipeline - WARNING - Could not create geometry for LV
2025-07-12 18:51:56,734 - pipeline - WARNING - Could not create geometry for LT
2025-07-12 18:51:56,734 - pipeline - WARNING - Could not create geometry for EE
2025-07-12 18:51:56,743 - pipeline - WARNING - Could not create geometry for RO
2025-07-12 18:51:56,743 - pipeline - WARNING - Could not create geometry for BG
2025-07-12 18:51:56,743 - pipeline - WARNING - Could not create geometry for GR
2025-07-12 18:51:56,744 - pipeline - WARNING - Could not create geometry for HR
2025-07-12 18:51:56,744 - pipeline - WARNING - Could not create geometry for SI
2025-07-12 18:51:56,745 - pipeline - WARNING - Could not create geometry for PT
2025-07-12 18:51:56,745 - pipeline - WARNING - Could not create geometry for CY
2025-07-12 18:51:56,745 - pipeline - WARNING - Could not create geometry for MT
2025-07-12 18:51:56,746 - pipeline - DEBUG - Created geometry for IT
2025-07-12 18:51:56,746 - pipeline - DEBUG - Created geometry for ES
2025-07-12 18:51:56,746 - pipeline - WARNING - Could not create geometry for LU
2025-07-12 18:51:56,747 - pipeline - DEBUG - Created geometry for NL
2025-07-12 18:51:56,748 - pipeline - INFO - Successfully created GeoDataFrame with 9 countries
2025-07-12 18:51:56,896 - pipeline - INFO - Saving 9 countries to database
2025-07-12 18:51:56,906 - pipeline - INFO - Loaded 9 records into countries in 0.01s
2025-07-12 18:51:56,907 - pipeline - INFO - Successfully saved 9 countries to database
2025-07-12 18:51:56,907 - pipeline - INFO - Fetched and saved 9 countries
2025-07-12 18:51:56,907 - pipeline - INFO - Stage 4: Spatial Association
2025-07-12 18:51:56,988 - pipeline - INFO - Found 12 countries with valid boundaries
2025-07-12 18:51:56,989 - pipeline - INFO - Geometry column created with 12 rows
2025-07-12 18:51:56,989 - pipeline - INFO - Geometry column data type: object
2025-07-12 18:51:56,990 - pipeline - INFO - GeoDataFrame created with 12 rows and geometry column: geometry
2025-07-12 18:51:56,990 - pipeline - INFO - Starting spatial association of soil samples with countries
2025-07-12 18:51:56,991 - pipeline - INFO - Creating point geometries for soil samples
2025-07-12 18:51:57,245 - pipeline - INFO - Created 7012 point geometries
2025-07-12 18:51:57,246 - pipeline - INFO - Performing spatial join (point-in-polygon)
2025-07-12 18:51:58,604 - pipeline - INFO - Spatial join results:
2025-07-12 18:51:58,604 - pipeline - INFO -   - Total samples: 7012
2025-07-12 18:51:58,604 - pipeline - INFO -   - Associated: 6389
2025-07-12 18:51:58,604 - pipeline - INFO -   - Unassigned: 623
2025-07-12 18:51:58,604 - pipeline - WARNING - 623 samples could not be assigned to any country
2025-07-12 18:51:58,604 - pipeline - INFO - Spatial association completed in 1.61s
2025-07-12 18:51:58,604 - pipeline - INFO - Associated 6389 soil samples with countries
2025-07-12 18:51:58,643 - pipeline - INFO - Actually updated 6389 soil samples in database
2025-07-12 18:51:58,672 - pipeline - INFO - Updated country assignments for 6389 soil samples
2025-07-12 18:51:58,672 - pipeline - INFO - Updated 6389 soil samples with country assignments
2025-07-12 18:52:01,121 - pipeline - INFO - Sample counts per country: {'IT': 388, 'CZ': 22, 'PL': 166, 'DE': 220, 'FR': 136, 'NL': 341, 'BE': 4929, 'ES': 187, 'AT': 0}
2025-07-12 18:52:01,121 - pipeline - INFO - Spatial association validation:
2025-07-12 18:52:01,121 - pipeline - INFO -   - Coverage: 91.1%
2025-07-12 18:52:01,121 - pipeline - INFO -   - Countries with samples: 8
2025-07-12 18:52:01,121 - pipeline - INFO -   - Unassigned samples: 623
2025-07-12 18:52:01,121 - pipeline - INFO - Spatial association coverage: 91.1%
2025-07-12 18:52:01,121 - pipeline - INFO - Stage 5: Statistical Analysis
2025-07-12 18:52:01,156 - pipeline - INFO - Starting statistical analysis with random sampling
2025-07-12 18:52:01,156 - pipeline - INFO - Target sample size: 100, Min samples: 10
2025-07-12 18:52:01,161 - pipeline - INFO - Found 8 countries with samples
2025-07-12 18:52:01,162 - pipeline - DEBUG - Random sampling: 100 samples selected
2025-07-12 18:52:01,169 - pipeline - INFO - Country Italia: 100 samples, SOC mean: 2.347%, Clay mean: 0.206
2025-07-12 18:52:01,173 - pipeline - DEBUG - Random sampling: 22 samples selected
2025-07-12 18:52:01,174 - pipeline - INFO - Country Česko: 22 samples, SOC mean: 2.085%, Clay mean: 0.218
2025-07-12 18:52:01,174 - pipeline - DEBUG - Random sampling: 100 samples selected
2025-07-12 18:52:01,174 - pipeline - INFO - Country Polska: 100 samples, SOC mean: 8.217%, Clay mean: 0.210
2025-07-12 18:52:01,178 - pipeline - DEBUG - Random sampling: 100 samples selected
2025-07-12 18:52:01,178 - pipeline - INFO - Country Deutschland: 100 samples, SOC mean: 3.257%, Clay mean: 0.215
2025-07-12 18:52:01,178 - pipeline - DEBUG - Random sampling: 100 samples selected
2025-07-12 18:52:01,180 - pipeline - INFO - Country France (terres): 100 samples, SOC mean: 2.486%, Clay mean: 0.216
2025-07-12 18:52:01,181 - pipeline - DEBUG - Random sampling: 100 samples selected
2025-07-12 18:52:01,182 - pipeline - INFO - Country Nederland: 100 samples, SOC mean: 0.830%, Clay mean: 0.174
2025-07-12 18:52:01,186 - pipeline - DEBUG - Random sampling: 100 samples selected
2025-07-12 18:52:01,187 - pipeline - INFO - Country België / Belgique / Belgien: 100 samples, SOC mean: 0.634%, Clay mean: 0.176
2025-07-12 18:52:01,189 - pipeline - DEBUG - Random sampling: 100 samples selected
2025-07-12 18:52:01,190 - pipeline - INFO - Country España: 100 samples, SOC mean: 1.093%, Clay mean: 0.176
2025-07-12 18:52:01,190 - pipeline - INFO - Statistical analysis completed in 0.03s
2025-07-12 18:52:01,190 - pipeline - INFO - Processed 8 countries
2025-07-12 18:52:01,201 - pipeline - INFO - Stored 8 analysis results
2025-07-12 18:52:01,202 - pipeline - INFO - Stored 8 analysis results
2025-07-12 18:52:01,204 - pipeline - INFO - Summary report generated:
2025-07-12 18:52:01,204 - pipeline - INFO -   - Countries analyzed: 8
2025-07-12 18:52:01,205 - pipeline - INFO -   - Total samples: 722
2025-07-12 18:52:01,205 - pipeline - INFO -   - Overall SOC mean: 2.676%
2025-07-12 18:52:01,205 - pipeline - INFO -   - Overall clay fraction mean: 0.197
2025-07-12 18:52:01,205 - pipeline - INFO - Analysis summary: 8 countries, 722 samples
2025-07-12 18:52:01,206 - pipeline - INFO - Results validation:
2025-07-12 18:52:01,206 - pipeline - INFO -   - Total results: 8
2025-07-12 18:52:01,206 - pipeline - INFO -   - Countries with zero samples: 0
2025-07-12 18:52:01,207 - pipeline - INFO -   - Countries with low samples: 0
2025-07-12 18:52:01,207 - pipeline - INFO -   - Anomalous SOC values: 0
2025-07-12 18:52:01,207 - pipeline - INFO -   - Anomalous clay values: 0
2025-07-12 18:52:01,208 - pipeline - INFO - Stage 6: Generate Reports
2025-07-12 18:52:01,211 - pipeline - INFO - Report generated: output\pipeline_report_pipeline_20250712_185149.txt
2025-07-12 18:52:01,211 - pipeline - INFO - Pipeline completed successfully in 11.63s
2025-07-12 18:52:01,212 - pipeline - INFO - Pipeline cleanup completed
